Arguments: 
  /usr/local/bin/node /usr/local/Cellar/yarn/1.22.17_1/libexec/bin/yarn.js add expo-file-system@~13.0.3

PATH: 
  /Library/Frameworks/Python.framework/Versions/3.9/bin:/usr/local/bin:/usr/bin:/bin:/usr/sbin:/sbin:/usr/local/share/dotnet:~/.dotnet/tools:/Library/Apple/usr/bin:/Library/Frameworks/Mono.framework/Versions/Current/Commands:/Library/Frameworks/Python.framework/Versions/3.9/bin

Yarn version: 
  1.22.17

Node version: 
  14.18.0

Platform: 
  darwin x64

Trace: 
  Error: EACCES: permission denied, mkdir '/Users/jeevanbastola/Desktop/CommonLit/node_modules/@egjs/hammerjs'

npm manifest: 
  {
    "name": "commonlit",
    "version": "1.0.0",
    "main": "node_modules/expo/AppEntry.js",
    "scripts": {
      "start": "expo start",
      "android": "expo start --android",
      "ios": "expo start --ios",
      "web": "expo start --web",
      "eject": "expo eject"
    },
    "dependencies": {
      "@react-native-community/masked-view": "^0.1.11",
      "@react-navigation/bottom-tabs": "^6.0.9",
      "@react-navigation/native": "^6.0.6",
      "@react-navigation/stack": "^6.0.11",
      "expo": "~43.0.2",
      "expo-speech": "~10.0.3",
      "expo-status-bar": "~1.1.0",
      "react": "17.0.1",
      "react-dom": "17.0.1",
      "react-native": "0.64.3",
      "react-native-fs": "^2.0.1-rc.2",
      "react-native-gesture-handler": "~1.10.2",
      "react-native-htmlview": "^0.16.0",
      "react-native-reanimated": "~2.2.0",
      "react-native-safe-area-context": "3.3.2",
      "react-native-screens": "~3.8.0",
      "react-native-web": "0.17.1",
      "react-native-webview": "^11.15.0"
    },
    "devDependencies": {
      "@babel/core": "^7.12.9",
      "@types/react-native-fs": "^2.13.0"
    },
    "private": true
  }

yarn manifest: 
  No manifest

Lockfile: 
  
